[18:16:46.551] Global cache location '/home/oyvind/.cache/typescript/3.8', safe file path '/home/oyvind/.emacs.d/.cache/lsp/npm/typescript/lib/node_modules/typescript/lib/typingSafeList.json', types map path /home/oyvind/.emacs.d/.cache/lsp/npm/typescript/lib/node_modules/typescript/lib/typesMap.json
[18:16:46.553] Processing cache location '/home/oyvind/.cache/typescript/3.8'
[18:16:46.553] Trying to find '/home/oyvind/.cache/typescript/3.8/package.json'...
[18:16:46.553] Finished processing cache location '/home/oyvind/.cache/typescript/3.8'
[18:16:46.553] Process id: 26044
[18:16:46.553] NPM location: /usr/bin/npm (explicit '--npmLocation' not  provided)
[18:16:46.553] validateDefaultNpmLocation: false
[18:16:46.553] Npm config file: /home/oyvind/.cache/typescript/3.8/package.json
[18:16:46.554] Npm config file: '/home/oyvind/.cache/typescript/3.8/package.json' is missing, creating new one...
[18:16:46.554] Updating types-registry npm package...
[18:16:46.555] Exec: /usr/bin/npm install --ignore-scripts types-registry@latest
[18:16:47.472]     Succeeded. stdout:
    + types-registry@0.1.479
    added 1 package from 1 contributor in 0.372s

[18:16:47.472] Updated types-registry npm package
[18:16:47.488] Got install request {"projectName":"/dev/null/inferredProject1*","fileNames":["/home/oyvind/.emacs.d/.cache/lsp/npm/typescript/lib/node_modules/typescript/lib/lib.d.ts","/home/oyvind/.emacs.d/.cache/lsp/npm/typescript/lib/node_modules/typescript/lib/lib.es5.d.ts","/home/oyvind/.emacs.d/.cache/lsp/npm/typescript/lib/node_modules/typescript/lib/lib.dom.d.ts","/home/oyvind/.emacs.d/.cache/lsp/npm/typescript/lib/node_modules/typescript/lib/lib.webworker.importscripts.d.ts","/home/oyvind/.emacs.d/.cache/lsp/npm/typescript/lib/node_modules/typescript/lib/lib.scripthost.d.ts","/home/oyvind/Documents/Projects/web/Workout_tracker_frontend/src/js/utils.js","/home/oyvind/Documents/Projects/web/Workout_tracker_frontend/src/js/Login.js","/home/oyvind/Documents/Projects/web/Workout_tracker_frontend/src/js/Signup.js","/home/oyvind/Documents/Projects/web/Workout_tracker_frontend/src/js/WorkouCards.js","/home/oyvind/Documents/Projects/web/Workout_tracker_frontend/src/js/Dashboard.js","/home/oyvind/Documents/Projects/web/Workout_tracker_frontend/src/js/Menu.js","/home/oyvind/Documents/Projects/web/Workout_tracker_frontend/src/js/App.js"],"compilerOptions":{"target":1,"jsx":1,"allowNonTsExtensions":true,"allowJs":true,"noEmitForJsFiles":true,"maxNodeModuleJsDepth":2},"typeAcquisition":{"enable":true,"include":[],"exclude":[]},"unresolvedImports":["chart.js","jquery","react","react-router-dom"],"projectRootPath":"/home/oyvind/Documents/Projects/web/Workout_tracker_frontend/src/js","kind":"discover"}
[18:16:47.505] Loaded safelist from types map file '/home/oyvind/.emacs.d/.cache/lsp/npm/typescript/lib/node_modules/typescript/lib/typesMap.json'
[18:16:47.506] Explicitly included types: []
[18:16:47.507] Inferred typings from unresolved imports: ["chart.js","jquery","react","react-router-dom"]
[18:16:47.507] Result: {"cachedTypingPaths":[],"newTypingNames":["chart.js","jquery","react","react-router-dom"],"filesToWatch":["/home/oyvind/Documents/Projects/web/Workout_tracker_frontend/src/js/bower_components","/home/oyvind/Documents/Projects/web/Workout_tracker_frontend/src/js/node_modules"]}
[18:16:47.508] Finished typings discovery: {"cachedTypingPaths":[],"newTypingNames":["chart.js","jquery","react","react-router-dom"],"filesToWatch":["/home/oyvind/Documents/Projects/web/Workout_tracker_frontend/src/js/bower_components","/home/oyvind/Documents/Projects/web/Workout_tracker_frontend/src/js/node_modules"]}
[18:16:47.508] DirectoryWatcher:: Added:: WatchInfo: /home/oyvind/Documents/Projects/web/Workout_tracker_frontend/src/js/bower_components
[18:16:47.509] DirectoryWatcher:: Added:: WatchInfo: /home/oyvind/Documents/Projects/web/Workout_tracker_frontend/src/js/node_modules
[18:16:47.510] Installing typings ["chart.js","jquery","react","react-router-dom"]
[18:16:47.510] Npm config file: /home/oyvind/.cache/typescript/3.8/package.json
[18:16:47.510] Sending response:
    {"kind":"event::beginInstallTypes","eventId":1,"typingsInstallerVersion":"3.8.3","projectName":"/dev/null/inferredProject1*"}
[18:16:47.510] Response has been sent.
[18:16:47.511] #1 with arguments'["@types/chart.js@ts3.8","@types/jquery@ts3.8","@types/react@ts3.8","@types/react-router-dom@ts3.8"]'.
[18:16:47.511] Exec: /usr/bin/npm install --ignore-scripts @types/chart.js@ts3.8 @types/jquery@ts3.8 @types/react@ts3.8 @types/react-router-dom@ts3.8 --save-dev --user-agent="typesInstaller/3.8.3"
[18:16:48.981]     Succeeded. stdout:
    + @types/chart.js@2.9.14
    + @types/react-router-dom@5.1.3
+ @types/jquery@3.3.33
+ @types/react@16.9.23
added 10 packages from 97 contributors in 0.948s

[18:16:48.981] npm install #1 took: 1470 ms
[18:16:48.982] Installed typings ["@types/chart.js@ts3.8","@types/jquery@ts3.8","@types/react@ts3.8","@types/react-router-dom@ts3.8"]
[18:16:48.997] Installed typing files ["/home/oyvind/.cache/typescript/3.8/node_modules/@types/chart.js/index.d.ts","/home/oyvind/.cache/typescript/3.8/node_modules/@types/jquery/index.d.ts","/home/oyvind/.cache/typescript/3.8/node_modules/@types/react/index.d.ts","/home/oyvind/.cache/typescript/3.8/node_modules/@types/react-router-dom/index.d.ts"]
[18:16:48.997] Sending response:
    {"projectName":"/dev/null/inferredProject1*","typeAcquisition":{"enable":true,"include":[],"exclude":[]},"compilerOptions":{"target":1,"jsx":1,"allowNonTsExtensions":true,"allowJs":true,"noEmitForJsFiles":true,"maxNodeModuleJsDepth":2},"typings":["/home/oyvind/.cache/typescript/3.8/node_modules/@types/chart.js/index.d.ts","/home/oyvind/.cache/typescript/3.8/node_modules/@types/jquery/index.d.ts","/home/oyvind/.cache/typescript/3.8/node_modules/@types/react/index.d.ts","/home/oyvind/.cache/typescript/3.8/node_modules/@types/react-router-dom/index.d.ts"],"unresolvedImports":["chart.js","jquery","react","react-router-dom"],"kind":"action::set"}
[18:16:48.997] Response has been sent.
[18:16:48.997] Sending response:
    {"kind":"event::endInstallTypes","eventId":1,"projectName":"/dev/null/inferredProject1*","packagesToInstall":["@types/chart.js@ts3.8","@types/jquery@ts3.8","@types/react@ts3.8","@types/react-router-dom@ts3.8"],"installSuccess":true,"typingsInstallerVersion":"3.8.3"}
[18:16:48.997] Response has been sent.
[18:16:49.777] Got install request {"projectName":"/dev/null/inferredProject1*","fileNames":["/home/oyvind/.emacs.d/.cache/lsp/npm/typescript/lib/node_modules/typescript/lib/lib.d.ts","/home/oyvind/.emacs.d/.cache/lsp/npm/typescript/lib/node_modules/typescript/lib/lib.es5.d.ts","/home/oyvind/.emacs.d/.cache/lsp/npm/typescript/lib/node_modules/typescript/lib/lib.dom.d.ts","/home/oyvind/.emacs.d/.cache/lsp/npm/typescript/lib/node_modules/typescript/lib/lib.webworker.importscripts.d.ts","/home/oyvind/.emacs.d/.cache/lsp/npm/typescript/lib/node_modules/typescript/lib/lib.scripthost.d.ts","/home/oyvind/.cache/typescript/3.8/node_modules/@types/react/global.d.ts","/home/oyvind/.cache/typescript/3.8/node_modules/@types/react/index.d.ts","/home/oyvind/.cache/typescript/3.8/node_modules/@types/react-router-dom/index.d.ts","/home/oyvind/.cache/typescript/3.8/node_modules/@types/jquery/JQueryStatic.d.ts","/home/oyvind/.cache/typescript/3.8/node_modules/@types/jquery/JQuery.d.ts","/home/oyvind/.cache/typescript/3.8/node_modules/@types/jquery/misc.d.ts","/home/oyvind/.cache/typescript/3.8/node_modules/@types/jquery/legacy.d.ts","/home/oyvind/.cache/typescript/3.8/node_modules/@types/jquery/index.d.ts","/home/oyvind/Documents/Projects/web/Workout_tracker_frontend/src/js/utils.js","/home/oyvind/Documents/Projects/web/Workout_tracker_frontend/src/js/Login.js","/home/oyvind/Documents/Projects/web/Workout_tracker_frontend/src/js/Signup.js","/home/oyvind/.cache/typescript/3.8/node_modules/@types/chart.js/index.d.ts","/home/oyvind/Documents/Projects/web/Workout_tracker_frontend/src/js/WorkouCards.js","/home/oyvind/Documents/Projects/web/Workout_tracker_frontend/src/js/Dashboard.js","/home/oyvind/Documents/Projects/web/Workout_tracker_frontend/src/js/Menu.js","/home/oyvind/Documents/Projects/web/Workout_tracker_frontend/src/js/App.js"],"compilerOptions":{"target":1,"jsx":1,"allowNonTsExtensions":true,"allowJs":true,"noEmitForJsFiles":true,"maxNodeModuleJsDepth":2},"typeAcquisition":{"enable":true,"include":[],"exclude":[]},"unresolvedImports":[],"projectRootPath":"/home/oyvind/Documents/Projects/web/Workout_tracker_frontend/src/js","kind":"discover"}
[18:16:49.777] Explicitly included types: []
[18:16:49.777] Inferred typings from unresolved imports: []
[18:16:49.777] Result: {"cachedTypingPaths":[],"newTypingNames":[],"filesToWatch":["/home/oyvind/Documents/Projects/web/Workout_tracker_frontend/src/js/bower_components","/home/oyvind/Documents/Projects/web/Workout_tracker_frontend/src/js/node_modules"]}
[18:16:49.777] Finished typings discovery: {"cachedTypingPaths":[],"newTypingNames":[],"filesToWatch":["/home/oyvind/Documents/Projects/web/Workout_tracker_frontend/src/js/bower_components","/home/oyvind/Documents/Projects/web/Workout_tracker_frontend/src/js/node_modules"]}
[18:16:49.777] Sending response:
    {"projectName":"/dev/null/inferredProject1*","typeAcquisition":{"enable":true,"include":[],"exclude":[]},"compilerOptions":{"target":1,"jsx":1,"allowNonTsExtensions":true,"allowJs":true,"noEmitForJsFiles":true,"maxNodeModuleJsDepth":2},"typings":[],"unresolvedImports":[],"kind":"action::set"}
[18:16:49.777] Response has been sent.
[18:16:49.777] No new typings were requested as a result of typings discovery
[18:16:50.148] Got install request {"projectName":"/dev/null/inferredProject1*","fileNames":["/home/oyvind/.emacs.d/.cache/lsp/npm/typescript/lib/node_modules/typescript/lib/lib.d.ts","/home/oyvind/.emacs.d/.cache/lsp/npm/typescript/lib/node_modules/typescript/lib/lib.es5.d.ts","/home/oyvind/.emacs.d/.cache/lsp/npm/typescript/lib/node_modules/typescript/lib/lib.dom.d.ts","/home/oyvind/.emacs.d/.cache/lsp/npm/typescript/lib/node_modules/typescript/lib/lib.webworker.importscripts.d.ts","/home/oyvind/.emacs.d/.cache/lsp/npm/typescript/lib/node_modules/typescript/lib/lib.scripthost.d.ts","/home/oyvind/Documents/Projects/web/Workout_tracker_frontend/src/js/utils.js","/home/oyvind/Documents/Projects/web/Workout_tracker_frontend/src/js/Login.js","/home/oyvind/Documents/Projects/web/Workout_tracker_frontend/src/js/Signup.js","/home/oyvind/Documents/Projects/web/Workout_tracker_frontend/src/js/WorkouCards.js","/home/oyvind/Documents/Projects/web/Workout_tracker_frontend/src/js/Dashboard.js","/home/oyvind/Documents/Projects/web/Workout_tracker_frontend/src/js/Menu.js","/home/oyvind/Documents/Projects/web/Workout_tracker_frontend/src/js/App.js"],"compilerOptions":{"target":1,"jsx":1,"allowNonTsExtensions":true,"allowJs":true,"noEmitForJsFiles":true,"maxNodeModuleJsDepth":2},"typeAcquisition":{"enable":true,"include":[],"exclude":[]},"unresolvedImports":[],"projectRootPath":"/home/oyvind/Documents/Projects/web/Workout_tracker_frontend/src/js","kind":"discover"}
[18:16:50.148] Explicitly included types: []
[18:16:50.148] Inferred typings from unresolved imports: []
[18:16:50.148] Result: {"cachedTypingPaths":[],"newTypingNames":[],"filesToWatch":["/home/oyvind/Documents/Projects/web/Workout_tracker_frontend/src/js/bower_components","/home/oyvind/Documents/Projects/web/Workout_tracker_frontend/src/js/node_modules"]}
[18:16:50.148] Finished typings discovery: {"cachedTypingPaths":[],"newTypingNames":[],"filesToWatch":["/home/oyvind/Documents/Projects/web/Workout_tracker_frontend/src/js/bower_components","/home/oyvind/Documents/Projects/web/Workout_tracker_frontend/src/js/node_modules"]}
[18:16:50.149] Sending response:
    {"projectName":"/dev/null/inferredProject1*","typeAcquisition":{"enable":true,"include":[],"exclude":[]},"compilerOptions":{"target":1,"jsx":1,"allowNonTsExtensions":true,"allowJs":true,"noEmitForJsFiles":true,"maxNodeModuleJsDepth":2},"typings":[],"unresolvedImports":[],"kind":"action::set"}
[18:16:50.149] Response has been sent.
[18:16:50.149] No new typings were requested as a result of typings discovery
